This is pdfTeX, Version 3.141592653-2.6-1.40.25 (TeX Live 2023) (preloaded format=pdflatex 2023.12.16)  16 DEC 2023 21:08
entering extended mode
 restricted \write18 enabled.
 %&-line parsing enabled.
**epr.tex
(./epr.tex
LaTeX2e <2023-11-01>
L3 programming layer <2023-12-11>
(c:/Users/user/AppData/Roaming/TinyTeX/texmf-dist/tex/latex/base/article.cls
Document Class: article 2023/05/17 v1.4n Standard LaTeX document class
(c:/Users/user/AppData/Roaming/TinyTeX/texmf-dist/tex/latex/base/size10.clo
File: size10.clo 2023/05/17 v1.4n Standard LaTeX file (size option)
)
\c@part=\count187
\c@section=\count188
\c@subsection=\count189
\c@subsubsection=\count190
\c@paragraph=\count191
\c@subparagraph=\count192
\c@figure=\count193
\c@table=\count194
\abovecaptionskip=\skip48
\belowcaptionskip=\skip49
\bibindent=\dimen140
) (c:/Users/user/AppData/Roaming/TinyTeX/texmf-dist/tex/latex/amsmath/amsmath.sty
Package: amsmath 2023/05/13 v2.17o AMS math features
\@mathmargin=\skip50
For additional information on amsmath, use the `?' option.
(c:/Users/user/AppData/Roaming/TinyTeX/texmf-dist/tex/latex/amsmath/amstext.sty
Package: amstext 2021/08/26 v2.01 AMS text
(c:/Users/user/AppData/Roaming/TinyTeX/texmf-dist/tex/latex/amsmath/amsgen.sty
File: amsgen.sty 1999/11/30 v2.0 generic functions
\@emptytoks=\toks17
\ex@=\dimen141
)) (c:/Users/user/AppData/Roaming/TinyTeX/texmf-dist/tex/latex/amsmath/amsbsy.sty
Package: amsbsy 1999/11/29 v1.2d Bold Symbols
\pmbraise@=\dimen142
) (c:/Users/user/AppData/Roaming/TinyTeX/texmf-dist/tex/latex/amsmath/amsopn.sty
Package: amsopn 2022/04/08 v2.04 operator names
)
\inf@bad=\count195
LaTeX Info: Redefining \frac on input line 234.
\uproot@=\count196
\leftroot@=\count197
LaTeX Info: Redefining \overline on input line 399.
LaTeX Info: Redefining \colon on input line 410.
\classnum@=\count198
\DOTSCASE@=\count199
LaTeX Info: Redefining \ldots on input line 496.
LaTeX Info: Redefining \dots on input line 499.
LaTeX Info: Redefining \cdots on input line 620.
\Mathstrutbox@=\box51
\strutbox@=\box52
LaTeX Info: Redefining \big on input line 722.
LaTeX Info: Redefining \Big on input line 723.
LaTeX Info: Redefining \bigg on input line 724.
LaTeX Info: Redefining \Bigg on input line 725.
\big@size=\dimen143
LaTeX Font Info:    Redeclaring font encoding OML on input line 743.
LaTeX Font Info:    Redeclaring font encoding OMS on input line 744.
\macc@depth=\count266
LaTeX Info: Redefining \bmod on input line 905.
LaTeX Info: Redefining \pmod on input line 910.
LaTeX Info: Redefining \smash on input line 940.
LaTeX Info: Redefining \relbar on input line 970.
LaTeX Info: Redefining \Relbar on input line 971.
\c@MaxMatrixCols=\count267
\dotsspace@=\muskip16
\c@parentequation=\count268
\dspbrk@lvl=\count269
\tag@help=\toks18
\row@=\count270
\column@=\count271
\maxfields@=\count272
\andhelp@=\toks19
\eqnshift@=\dimen144
\alignsep@=\dimen145
\tagshift@=\dimen146
\tagwidth@=\dimen147
\totwidth@=\dimen148
\lineht@=\dimen149
\@envbody=\toks20
\multlinegap=\skip51
\multlinetaggap=\skip52
\mathdisplay@stack=\toks21
LaTeX Info: Redefining \[ on input line 2953.
LaTeX Info: Redefining \] on input line 2954.
) (c:/Users/user/AppData/Roaming/TinyTeX/texmf-dist/tex/latex/amsfonts/amssymb.sty
Package: amssymb 2013/01/14 v3.01 AMS font symbols
(c:/Users/user/AppData/Roaming/TinyTeX/texmf-dist/tex/latex/amsfonts/amsfonts.sty
Package: amsfonts 2013/01/14 v3.01 Basic AMSFonts support
\symAMSa=\mathgroup4
\symAMSb=\mathgroup5
LaTeX Font Info:    Redeclaring math symbol \hbar on input line 98.
LaTeX Font Info:    Overwriting math alphabet `\mathfrak' in version `bold'
(Font)                  U/euf/m/n --> U/euf/b/n on input line 106.
)) (c:/Users/user/AppData/Roaming/TinyTeX/texmf-dist/tex/generic/iftex/iftex.sty
Package: iftex 2022/02/03 v1.0f TeX engine tests
) (c:/Users/user/AppData/Roaming/TinyTeX/texmf-dist/tex/latex/base/fontenc.sty
Package: fontenc 2021/04/29 v2.0v Standard LaTeX package
) (c:/Users/user/AppData/Roaming/TinyTeX/texmf-dist/tex/latex/base/inputenc.sty
Package: inputenc 2021/02/14 v1.3d Input encoding file
\inpenc@prehook=\toks22
\inpenc@posthook=\toks23
) (c:/Users/user/AppData/Roaming/TinyTeX/texmf-dist/tex/latex/base/textcomp.sty
Package: textcomp 2020/02/02 v2.0n Standard LaTeX package
) (c:/Users/user/AppData/Roaming/TinyTeX/texmf-dist/tex/latex/lm/lmodern.sty
Package: lmodern 2015/05/01 v1.6.1 Latin Modern Fonts
LaTeX Font Info:    Overwriting symbol font `operators' in version `normal'
(Font)                  OT1/cmr/m/n --> OT1/lmr/m/n on input line 22.
LaTeX Font Info:    Overwriting symbol font `letters' in version `normal'
(Font)                  OML/cmm/m/it --> OML/lmm/m/it on input line 23.
LaTeX Font Info:    Overwriting symbol font `symbols' in version `normal'
(Font)                  OMS/cmsy/m/n --> OMS/lmsy/m/n on input line 24.
LaTeX Font Info:    Overwriting symbol font `largesymbols' in version `normal'
(Font)                  OMX/cmex/m/n --> OMX/lmex/m/n on input line 25.
LaTeX Font Info:    Overwriting symbol font `operators' in version `bold'
(Font)                  OT1/cmr/bx/n --> OT1/lmr/bx/n on input line 26.
LaTeX Font Info:    Overwriting symbol font `letters' in version `bold'
(Font)                  OML/cmm/b/it --> OML/lmm/b/it on input line 27.
LaTeX Font Info:    Overwriting symbol font `symbols' in version `bold'
(Font)                  OMS/cmsy/b/n --> OMS/lmsy/b/n on input line 28.
LaTeX Font Info:    Overwriting symbol font `largesymbols' in version `bold'
(Font)                  OMX/cmex/m/n --> OMX/lmex/m/n on input line 29.
LaTeX Font Info:    Overwriting math alphabet `\mathbf' in version `normal'
(Font)                  OT1/cmr/bx/n --> OT1/lmr/bx/n on input line 31.
LaTeX Font Info:    Overwriting math alphabet `\mathsf' in version `normal'
(Font)                  OT1/cmss/m/n --> OT1/lmss/m/n on input line 32.
LaTeX Font Info:    Overwriting math alphabet `\mathit' in version `normal'
(Font)                  OT1/cmr/m/it --> OT1/lmr/m/it on input line 33.
LaTeX Font Info:    Overwriting math alphabet `\mathtt' in version `normal'
(Font)                  OT1/cmtt/m/n --> OT1/lmtt/m/n on input line 34.
LaTeX Font Info:    Overwriting math alphabet `\mathbf' in version `bold'
(Font)                  OT1/cmr/bx/n --> OT1/lmr/bx/n on input line 35.
LaTeX Font Info:    Overwriting math alphabet `\mathsf' in version `bold'
(Font)                  OT1/cmss/bx/n --> OT1/lmss/bx/n on input line 36.
LaTeX Font Info:    Overwriting math alphabet `\mathit' in version `bold'
(Font)                  OT1/cmr/bx/it --> OT1/lmr/bx/it on input line 37.
LaTeX Font Info:    Overwriting math alphabet `\mathtt' in version `bold'
(Font)                  OT1/cmtt/m/n --> OT1/lmtt/m/n on input line 38.
) (c:/Users/user/AppData/Roaming/TinyTeX/texmf-dist/tex/latex/upquote/upquote.sty
Package: upquote 2012/04/19 v1.3 upright-quote and grave-accent glyphs in verbatim
) (c:/Users/user/AppData/Roaming/TinyTeX/texmf-dist/tex/latex/microtype/microtype.sty
Package: microtype 2023/03/13 v3.1a Micro-typographical refinements (RS)
(c:/Users/user/AppData/Roaming/TinyTeX/texmf-dist/tex/latex/graphics/keyval.sty
Package: keyval 2022/05/29 v1.15 key=value parser (DPC)
\KV@toks@=\toks24
) (c:/Users/user/AppData/Roaming/TinyTeX/texmf-dist/tex/latex/etoolbox/etoolbox.sty
Package: etoolbox 2020/10/05 v2.5k e-TeX tools for LaTeX (JAW)
\etb@tempcnta=\count273
)
\MT@toks=\toks25
\MT@tempbox=\box53
\MT@count=\count274
LaTeX Info: Redefining \noprotrusionifhmode on input line 1059.
LaTeX Info: Redefining \leftprotrusion on input line 1060.
\MT@prot@toks=\toks26
LaTeX Info: Redefining \rightprotrusion on input line 1078.
LaTeX Info: Redefining \textls on input line 1368.
\MT@outer@kern=\dimen150
LaTeX Info: Redefining \textmicrotypecontext on input line 1988.
\MT@listname@count=\count275
(c:/Users/user/AppData/Roaming/TinyTeX/texmf-dist/tex/latex/microtype/microtype-pdftex.def
File: microtype-pdftex.def 2023/03/13 v3.1a Definitions specific to pdftex (RS)
LaTeX Info: Redefining \lsstyle on input line 902.
LaTeX Info: Redefining \lslig on input line 902.
\MT@outer@space=\skip53
)
Package microtype Info: Loading configuration file microtype.cfg.
(c:/Users/user/AppData/Roaming/TinyTeX/texmf-dist/tex/latex/microtype/microtype.cfg
File: microtype.cfg 2023/03/13 v3.1a microtype main configuration file (RS)
)) (c:/Users/user/AppData/Roaming/TinyTeX/texmf-dist/tex/latex/parskip/parskip.sty
Package: parskip 2021-03-14 v2.0h non-zero parskip adjustments
(c:/Users/user/AppData/Roaming/TinyTeX/texmf-dist/tex/latex/kvoptions/kvoptions.sty
Package: kvoptions 2022-06-15 v3.15 Key value format for package options (HO)
(c:/Users/user/AppData/Roaming/TinyTeX/texmf-dist/tex/generic/ltxcmds/ltxcmds.sty
Package: ltxcmds 2023-12-04 v1.26 LaTeX kernel commands for general use (HO)
) (c:/Users/user/AppData/Roaming/TinyTeX/texmf-dist/tex/latex/kvsetkeys/kvsetkeys.sty
Package: kvsetkeys 2022-10-05 v1.19 Key value parser (HO)
))) (c:/Users/user/AppData/Roaming/TinyTeX/texmf-dist/tex/latex/xcolor/xcolor.sty
Package: xcolor 2023/11/15 v3.01 LaTeX color extensions (UK)
(c:/Users/user/AppData/Roaming/TinyTeX/texmf-dist/tex/latex/graphics-cfg/color.cfg
File: color.cfg 2016/01/02 v1.6 sample color configuration
)
Package xcolor Info: Driver file: pdftex.def on input line 274.
(c:/Users/user/AppData/Roaming/TinyTeX/texmf-dist/tex/latex/graphics-def/pdftex.def
File: pdftex.def 2022/09/22 v1.2b Graphics/color driver for pdftex
) (c:/Users/user/AppData/Roaming/TinyTeX/texmf-dist/tex/latex/graphics/mathcolor.ltx)
Package xcolor Info: Model `cmy' substituted by `cmy0' on input line 1350.
Package xcolor Info: Model `hsb' substituted by `rgb' on input line 1354.
Package xcolor Info: Model `RGB' extended on input line 1366.
Package xcolor Info: Model `HTML' substituted by `rgb' on input line 1368.
Package xcolor Info: Model `Hsb' substituted by `hsb' on input line 1369.
Package xcolor Info: Model `tHsb' substituted by `hsb' on input line 1370.
Package xcolor Info: Model `HSB' substituted by `hsb' on input line 1371.
Package xcolor Info: Model `Gray' substituted by `gray' on input line 1372.
Package xcolor Info: Model `wave' substituted by `hsb' on input line 1373.
) (c:/Users/user/AppData/Roaming/TinyTeX/texmf-dist/tex/latex/graphics/dvipsnam.def
File: dvipsnam.def 2016/06/17 v3.0m Driver-dependent file (DPC,SPQR)
) (c:/Users/user/AppData/Roaming/TinyTeX/texmf-dist/tex/latex/xcolor/svgnam.def
File: svgnam.def 2023/11/15 v3.01 Predefined colors according to SVG 1.1 (UK)
) (c:/Users/user/AppData/Roaming/TinyTeX/texmf-dist/tex/latex/xcolor/x11nam.def
File: x11nam.def 2023/11/15 v3.01 Predefined colors according to Unix/X11 (UK)
) (c:/Users/user/AppData/Roaming/TinyTeX/texmf-dist/tex/latex/geometry/geometry.sty
Package: geometry 2020/01/02 v5.9 Page Geometry
(c:/Users/user/AppData/Roaming/TinyTeX/texmf-dist/tex/generic/iftex/ifvtex.sty
Package: ifvtex 2019/10/25 v1.7 ifvtex legacy package. Use iftex instead.
)
\Gm@cnth=\count276
\Gm@cntv=\count277
\c@Gm@tempcnt=\count278
\Gm@bindingoffset=\dimen151
\Gm@wd@mp=\dimen152
\Gm@odd@mp=\dimen153
\Gm@even@mp=\dimen154
\Gm@layoutwidth=\dimen155
\Gm@layoutheight=\dimen156
\Gm@layouthoffset=\dimen157
\Gm@layoutvoffset=\dimen158
\Gm@dimlist=\toks27
) (c:/Users/user/AppData/Roaming/TinyTeX/texmf-dist/tex/latex/fancyvrb/fancyvrb.sty
Package: fancyvrb 2023/11/06 4.5b verbatim text (tvz,hv)
\FV@CodeLineNo=\count279
\FV@InFile=\read2
\FV@TabBox=\box54
\c@FancyVerbLine=\count280
\FV@StepNumber=\count281
\FV@OutFile=\write3
) (c:/Users/user/AppData/Roaming/TinyTeX/texmf-dist/tex/latex/framed/framed.sty
Package: framed 2011/10/22 v 0.96: framed or shaded text with page breaks
\OuterFrameSep=\skip54
\fb@frw=\dimen159
\fb@frh=\dimen160
\FrameRule=\dimen161
\FrameSep=\dimen162
) (c:/Users/user/AppData/Roaming/TinyTeX/texmf-dist/tex/latex/tools/longtable.sty
Package: longtable 2023-11-01 v4.19 Multi-page Table package (DPC)
\LTleft=\skip55
\LTright=\skip56
\LTpre=\skip57
\LTpost=\skip58
\LTchunksize=\count282
\LTcapwidth=\dimen163
\LT@head=\box55
\LT@firsthead=\box56
\LT@foot=\box57
\LT@lastfoot=\box58
\LT@gbox=\box59
\LT@cols=\count283
\LT@rows=\count284
\c@LT@tables=\count285
\c@LT@chunks=\count286
\LT@p@ftn=\toks28
) (c:/Users/user/AppData/Roaming/TinyTeX/texmf-dist/tex/latex/booktabs/booktabs.sty
Package: booktabs 2020/01/12 v1.61803398 Publication quality tables
\heavyrulewidth=\dimen164
\lightrulewidth=\dimen165
\cmidrulewidth=\dimen166
\belowrulesep=\dimen167
\belowbottomsep=\dimen168
\aboverulesep=\dimen169
\abovetopsep=\dimen170
\cmidrulesep=\dimen171
\cmidrulekern=\dimen172
\defaultaddspace=\dimen173
\@cmidla=\count287
\@cmidlb=\count288
\@aboverulesep=\dimen174
\@belowrulesep=\dimen175
\@thisruleclass=\count289
\@lastruleclass=\count290
\@thisrulewidth=\dimen176
) (c:/Users/user/AppData/Roaming/TinyTeX/texmf-dist/tex/latex/tools/array.sty
Package: array 2023/10/16 v2.5g Tabular extension package (FMi)
\col@sep=\dimen177
\ar@mcellbox=\box60
\extrarowheight=\dimen178
\NC@list=\toks29
\extratabsurround=\skip59
\backup@length=\skip60
\ar@cellbox=\box61
) (c:/Users/user/AppData/Roaming/TinyTeX/texmf-dist/tex/latex/tools/calc.sty
Package: calc 2023/07/08 v4.3 Infix arithmetic (KKT,FJ)
\calc@Acount=\count291
\calc@Bcount=\count292
\calc@Adimen=\dimen179
\calc@Bdimen=\dimen180
\calc@Askip=\skip61
\calc@Bskip=\skip62
LaTeX Info: Redefining \setlength on input line 80.
LaTeX Info: Redefining \addtolength on input line 81.
\calc@Ccount=\count293
\calc@Cskip=\skip63
) (c:/Users/user/AppData/Roaming/TinyTeX/texmf-dist/tex/latex/mdwtools/footnote.sty
Package: footnote 1997/01/28 1.13 Save footnotes around boxes
\fn@notes=\box62
\fn@width=\dimen181
) (c:/Users/user/AppData/Roaming/TinyTeX/texmf-dist/tex/latex/graphics/graphicx.sty
Package: graphicx 2021/09/16 v1.2d Enhanced LaTeX Graphics (DPC,SPQR)
(c:/Users/user/AppData/Roaming/TinyTeX/texmf-dist/tex/latex/graphics/graphics.sty
Package: graphics 2022/03/10 v1.4e Standard LaTeX Graphics (DPC,SPQR)
(c:/Users/user/AppData/Roaming/TinyTeX/texmf-dist/tex/latex/graphics/trig.sty
Package: trig 2021/08/11 v1.11 sin cos tan (DPC)
) (c:/Users/user/AppData/Roaming/TinyTeX/texmf-dist/tex/latex/graphics-cfg/graphics.cfg
File: graphics.cfg 2016/06/04 v1.11 sample graphics configuration
)
Package graphics Info: Driver file: pdftex.def on input line 107.
)
\Gin@req@height=\dimen182
\Gin@req@width=\dimen183
)
\cslhangindent=\skip64
\csllabelwidth=\skip65
\cslentryspacingunit=\skip66
(c:/Users/user/AppData/Roaming/TinyTeX/texmf-dist/tex/latex/bookmark/bookmark.sty
Package: bookmark 2023-12-10 v1.31 PDF bookmarks (HO)
(c:/Users/user/AppData/Roaming/TinyTeX/texmf-dist/tex/latex/hyperref/hyperref.sty
Package: hyperref 2023-11-26 v7.01g Hypertext links for LaTeX
(c:/Users/user/AppData/Roaming/TinyTeX/texmf-dist/tex/generic/infwarerr/infwarerr.sty
Package: infwarerr 2019/12/03 v1.5 Providing info/warning/error messages (HO)
) (c:/Users/user/AppData/Roaming/TinyTeX/texmf-dist/tex/generic/kvdefinekeys/kvdefinekeys.sty
Package: kvdefinekeys 2019-12-19 v1.6 Define keys (HO)
) (c:/Users/user/AppData/Roaming/TinyTeX/texmf-dist/tex/generic/pdfescape/pdfescape.sty
Package: pdfescape 2019/12/09 v1.15 Implements pdfTeX's escape features (HO)
(c:/Users/user/AppData/Roaming/TinyTeX/texmf-dist/tex/generic/pdftexcmds/pdftexcmds.sty
Package: pdftexcmds 2020-06-27 v0.33 Utility functions of pdfTeX for LuaTeX (HO)
Package pdftexcmds Info: \pdf@primitive is available.
Package pdftexcmds Info: \pdf@ifprimitive is available.
Package pdftexcmds Info: \pdfdraftmode found.
)) (c:/Users/user/AppData/Roaming/TinyTeX/texmf-dist/tex/latex/hycolor/hycolor.sty
Package: hycolor 2020-01-27 v1.10 Color options for hyperref/bookmark (HO)
) (c:/Users/user/AppData/Roaming/TinyTeX/texmf-dist/tex/latex/letltxmacro/letltxmacro.sty
Package: letltxmacro 2019/12/03 v1.6 Let assignment for LaTeX macros (HO)
) (c:/Users/user/AppData/Roaming/TinyTeX/texmf-dist/tex/latex/auxhook/auxhook.sty
Package: auxhook 2019-12-17 v1.6 Hooks for auxiliary files (HO)
) (c:/Users/user/AppData/Roaming/TinyTeX/texmf-dist/tex/latex/hyperref/nameref.sty
Package: nameref 2023-11-26 v2.56 Cross-referencing by name of section
(c:/Users/user/AppData/Roaming/TinyTeX/texmf-dist/tex/latex/refcount/refcount.sty
Package: refcount 2019/12/15 v3.6 Data extraction from label references (HO)
) (c:/Users/user/AppData/Roaming/TinyTeX/texmf-dist/tex/generic/gettitlestring/gettitlestring.sty
Package: gettitlestring 2019/12/15 v1.6 Cleanup title references (HO)
)
\c@section@level=\count294
)
\@linkdim=\dimen184
\Hy@linkcounter=\count295
\Hy@pagecounter=\count296
(c:/Users/user/AppData/Roaming/TinyTeX/texmf-dist/tex/latex/hyperref/pd1enc.def
File: pd1enc.def 2023-11-26 v7.01g Hyperref: PDFDocEncoding definition (HO)
Now handling font encoding PD1 ...
... no UTF-8 mapping file for font encoding PD1
) (c:/Users/user/AppData/Roaming/TinyTeX/texmf-dist/tex/generic/intcalc/intcalc.sty
Package: intcalc 2019/12/15 v1.3 Expandable calculations with integers (HO)
)
\Hy@SavedSpaceFactor=\count297
(c:/Users/user/AppData/Roaming/TinyTeX/texmf-dist/tex/latex/hyperref/puenc.def
File: puenc.def 2023-11-26 v7.01g Hyperref: PDF Unicode definition (HO)
Now handling font encoding PU ...
... no UTF-8 mapping file for font encoding PU
)
Package hyperref Info: Option `unicode' set `true' on input line 4064.
Package hyperref Info: Hyper figures OFF on input line 4181.
Package hyperref Info: Link nesting OFF on input line 4186.
Package hyperref Info: Hyper index ON on input line 4189.
Package hyperref Info: Plain pages OFF on input line 4196.
Package hyperref Info: Backreferencing OFF on input line 4201.
Package hyperref Info: Implicit mode ON; LaTeX internals redefined.
Package hyperref Info: Bookmarks ON on input line 4448.
\c@Hy@tempcnt=\count298
(c:/Users/user/AppData/Roaming/TinyTeX/texmf-dist/tex/latex/url/url.sty
\Urlmuskip=\muskip17
Package: url 2013/09/16  ver 3.4  Verb mode for urls, etc.
)
LaTeX Info: Redefining \url on input line 4786.
\XeTeXLinkMargin=\dimen185
(c:/Users/user/AppData/Roaming/TinyTeX/texmf-dist/tex/generic/bitset/bitset.sty
Package: bitset 2019/12/09 v1.3 Handle bit-vector datatype (HO)
(c:/Users/user/AppData/Roaming/TinyTeX/texmf-dist/tex/generic/bigintcalc/bigintcalc.sty
Package: bigintcalc 2019/12/15 v1.5 Expandable calculations on big integers (HO)
))
\Fld@menulength=\count299
\Field@Width=\dimen186
\Fld@charsize=\dimen187
Package hyperref Info: Hyper figures OFF on input line 6065.
Package hyperref Info: Link nesting OFF on input line 6070.
Package hyperref Info: Hyper index ON on input line 6073.
Package hyperref Info: backreferencing OFF on input line 6080.
Package hyperref Info: Link coloring OFF on input line 6085.
Package hyperref Info: Link coloring with OCG OFF on input line 6090.
Package hyperref Info: PDF/A mode OFF on input line 6095.
(c:/Users/user/AppData/Roaming/TinyTeX/texmf-dist/tex/latex/base/atbegshi-ltx.sty
Package: atbegshi-ltx 2021/01/10 v1.0c Emulation of the original atbegshi
package with kernel methods
)
\Hy@abspage=\count300
\c@Item=\count301
\c@Hfootnote=\count302
)
Package hyperref Info: Driver (autodetected): hpdftex.
(c:/Users/user/AppData/Roaming/TinyTeX/texmf-dist/tex/latex/hyperref/hpdftex.def
File: hpdftex.def 2023-11-26 v7.01g Hyperref driver for pdfTeX
(c:/Users/user/AppData/Roaming/TinyTeX/texmf-dist/tex/latex/base/atveryend-ltx.sty
Package: atveryend-ltx 2020/08/19 v1.0a Emulation of the original atveryend package
with kernel methods
)
\Fld@listcount=\count303
\c@bookmark@seq@number=\count304
(c:/Users/user/AppData/Roaming/TinyTeX/texmf-dist/tex/latex/rerunfilecheck/rerunfilecheck.sty
Package: rerunfilecheck 2022-07-10 v1.10 Rerun checks for auxiliary files (HO)
(c:/Users/user/AppData/Roaming/TinyTeX/texmf-dist/tex/generic/uniquecounter/uniquecounter.sty
Package: uniquecounter 2019/12/15 v1.4 Provide unlimited unique counter (HO)
)
Package uniquecounter Info: New unique counter `rerunfilecheck' on input line 285.
)
\Hy@SectionHShift=\skip67
) (c:/Users/user/AppData/Roaming/TinyTeX/texmf-dist/tex/latex/bookmark/bkm-pdftex.def
File: bkm-pdftex.def 2023-12-10 v1.31 bookmark driver for pdfTeX and luaTeX (HO)
\BKM@id=\count305
))
Package hyperref Info: Option `colorlinks' set `true' on input line 153.
LaTeX Font Info:    Trying to load font information for T1+lmr on input line 159.
(c:/Users/user/AppData/Roaming/TinyTeX/texmf-dist/tex/latex/lm/t1lmr.fd
File: t1lmr.fd 2015/05/01 v1.6.1 Font defs for Latin Modern
) (c:/Users/user/AppData/Roaming/TinyTeX/texmf-dist/tex/latex/l3backend/l3backend-pdftex.def
File: l3backend-pdftex.def 2023-11-09 L3 backend support: PDF output (pdfTeX)
\l__color_backend_stack_int=\count306
\l__pdf_internal_box=\box63
) (./epr.aux)
\openout1 = `epr.aux'.

LaTeX Font Info:    Checking defaults for OML/cmm/m/it on input line 159.
LaTeX Font Info:    ... okay on input line 159.
LaTeX Font Info:    Checking defaults for OMS/cmsy/m/n on input line 159.
LaTeX Font Info:    ... okay on input line 159.
LaTeX Font Info:    Checking defaults for OT1/cmr/m/n on input line 159.
LaTeX Font Info:    ... okay on input line 159.
LaTeX Font Info:    Checking defaults for T1/cmr/m/n on input line 159.
LaTeX Font Info:    ... okay on input line 159.
LaTeX Font Info:    Checking defaults for TS1/cmr/m/n on input line 159.
LaTeX Font Info:    ... okay on input line 159.
LaTeX Font Info:    Checking defaults for OMX/cmex/m/n on input line 159.
LaTeX Font Info:    ... okay on input line 159.
LaTeX Font Info:    Checking defaults for U/cmr/m/n on input line 159.
LaTeX Font Info:    ... okay on input line 159.
LaTeX Font Info:    Checking defaults for PD1/pdf/m/n on input line 159.
LaTeX Font Info:    ... okay on input line 159.
LaTeX Font Info:    Checking defaults for PU/pdf/m/n on input line 159.
LaTeX Font Info:    ... okay on input line 159.
LaTeX Info: Redefining \microtypecontext on input line 159.
Package microtype Info: Applying patch `item' on input line 159.
Package microtype Info: Applying patch `toc' on input line 159.
Package microtype Info: Applying patch `eqnum' on input line 159.
Package microtype Info: Applying patch `footnote' on input line 159.
Package microtype Info: Applying patch `verbatim' on input line 159.
Package microtype Info: Generating PDF output.
Package microtype Info: Character protrusion enabled (level 2).
Package microtype Info: Using protrusion set `basicmath'.
Package microtype Info: Automatic font expansion enabled (level 2),
(microtype)             stretch: 20, shrink: 20, step: 1, non-selected.
Package microtype Info: Using default expansion set `alltext-nott'.
LaTeX Info: Redefining \showhyphens on input line 159.
Package microtype Info: No adjustment of tracking.
Package microtype Info: No adjustment of interword spacing.
Package microtype Info: No adjustment of character kerning.
(c:/Users/user/AppData/Roaming/TinyTeX/texmf-dist/tex/latex/microtype/mt-cmr.cfg
File: mt-cmr.cfg 2013/05/19 v2.2 microtype config. file: Computer Modern Roman (RS)
) (c:/Users/user/AppData/Roaming/TinyTeX/texmf-dist/tex/latex/epstopdf-pkg/epstopdf-base.sty
Package: epstopdf-base 2020-01-24 v2.11 Base part for package epstopdf
Package epstopdf-base Info: Redefining graphics rule for `.eps' on input line 485.
(c:/Users/user/AppData/Roaming/TinyTeX/texmf-dist/tex/latex/latexconfig/epstopdf-sys.cfg
File: epstopdf-sys.cfg 2010/07/13 v1.3 Configuration of (r)epstopdf for TeX Live
))
*geometry* driver: auto-detecting
*geometry* detected driver: pdftex
*geometry* verbose mode - [ preamble ] result:
* driver: pdftex
* paper: <default>
* layout: <same size as paper>
* layoutoffset:(h,v)=(0.0pt,0.0pt)
* modes: 
* h-part:(L,W,R)=(72.26999pt, 469.75502pt, 72.26999pt)
* v-part:(T,H,B)=(72.26999pt, 650.43001pt, 72.26999pt)
* \paperwidth=614.295pt
* \paperheight=794.96999pt
* \textwidth=469.75502pt
* \textheight=650.43001pt
* \oddsidemargin=0.0pt
* \evensidemargin=0.0pt
* \topmargin=-37.0pt
* \headheight=12.0pt
* \headsep=25.0pt
* \topskip=10.0pt
* \footskip=30.0pt
* \marginparwidth=65.0pt
* \marginparsep=11.0pt
* \columnsep=10.0pt
* \skip\footins=9.0pt plus 4.0pt minus 2.0pt
* \hoffset=0.0pt
* \voffset=0.0pt
* \mag=1000
* \@twocolumnfalse
* \@twosidefalse
* \@mparswitchfalse
* \@reversemarginfalse
* (1in=72.27pt=25.4mm, 1cm=28.453pt)

Package hyperref Info: Link coloring ON on input line 159.
LaTeX Font Info:    Trying to load font information for OT1+lmr on input line 161.
(c:/Users/user/AppData/Roaming/TinyTeX/texmf-dist/tex/latex/lm/ot1lmr.fd
File: ot1lmr.fd 2015/05/01 v1.6.1 Font defs for Latin Modern
)
LaTeX Font Info:    Trying to load font information for OML+lmm on input line 161.
(c:/Users/user/AppData/Roaming/TinyTeX/texmf-dist/tex/latex/lm/omllmm.fd
File: omllmm.fd 2015/05/01 v1.6.1 Font defs for Latin Modern
)
LaTeX Font Info:    Trying to load font information for OMS+lmsy on input line 161.
(c:/Users/user/AppData/Roaming/TinyTeX/texmf-dist/tex/latex/lm/omslmsy.fd
File: omslmsy.fd 2015/05/01 v1.6.1 Font defs for Latin Modern
)
LaTeX Font Info:    Trying to load font information for OMX+lmex on input line 161.
(c:/Users/user/AppData/Roaming/TinyTeX/texmf-dist/tex/latex/lm/omxlmex.fd
File: omxlmex.fd 2015/05/01 v1.6.1 Font defs for Latin Modern
)
LaTeX Font Info:    External font `lmex10' loaded for size
(Font)              <12> on input line 161.
LaTeX Font Info:    External font `lmex10' loaded for size
(Font)              <8> on input line 161.
LaTeX Font Info:    External font `lmex10' loaded for size
(Font)              <6> on input line 161.
LaTeX Font Info:    Trying to load font information for U+msa on input line 161.
(c:/Users/user/AppData/Roaming/TinyTeX/texmf-dist/tex/latex/amsfonts/umsa.fd
File: umsa.fd 2013/01/14 v3.01 AMS symbols A
) (c:/Users/user/AppData/Roaming/TinyTeX/texmf-dist/tex/latex/microtype/mt-msa.cfg
File: mt-msa.cfg 2006/02/04 v1.1 microtype config. file: AMS symbols (a) (RS)
)
LaTeX Font Info:    Trying to load font information for U+msb on input line 161.
(c:/Users/user/AppData/Roaming/TinyTeX/texmf-dist/tex/latex/amsfonts/umsb.fd
File: umsb.fd 2013/01/14 v3.01 AMS symbols B
) (c:/Users/user/AppData/Roaming/TinyTeX/texmf-dist/tex/latex/microtype/mt-msb.cfg
File: mt-msb.cfg 2005/06/01 v1.0 microtype config. file: AMS symbols (b) (RS)
) (./epr.toc
LaTeX Font Info:    External font `lmex10' loaded for size
(Font)              <10> on input line 3.
LaTeX Font Info:    External font `lmex10' loaded for size
(Font)              <7> on input line 3.
LaTeX Font Info:    External font `lmex10' loaded for size
(Font)              <5> on input line 3.
[1

{c:/Users/user/AppData/Roaming/TinyTeX/texmf-var/fonts/map/pdftex/updmap/pdftex.map}{c:/Users/user/AppData/Roaming/TinyTeX/texmf-dist/fonts/enc/dvips/lm/lm-ec.enc}])
\tf@toc=\write4
\openout4 = `epr.toc'.

[2]
LaTeX Font Info:    Trying to load font information for TS1+lmr on input line 177.
(c:/Users/user/AppData/Roaming/TinyTeX/texmf-dist/tex/latex/lm/ts1lmr.fd
File: ts1lmr.fd 2015/05/01 v1.6.1 Font defs for Latin Modern
) [3{c:/Users/user/AppData/Roaming/TinyTeX/texmf-dist/fonts/enc/dvips/lm/lm-ts1.enc}] [4] [5]
LaTeX Font Info:    Trying to load font information for T1+lmtt on input line 319.
(c:/Users/user/AppData/Roaming/TinyTeX/texmf-dist/tex/latex/lm/t1lmtt.fd
File: t1lmtt.fd 2015/05/01 v1.6.1 Font defs for Latin Modern
)
LaTeX Font Info:    Font shape `T1/lmtt/bx/n' in size <10> not available
(Font)              Font shape `T1/lmtt/b/n' tried instead on input line 320.
[6] [7] [8] [9]
Underfull \hbox (badness 10000) in paragraph at lines 455--457

 []


Underfull \hbox (badness 10000) in paragraph at lines 457--459

 []

[10] [11]
<epr_files/figure-latex/plot-ramostra-1.pdf, id=246, 289.08pt x 180.675pt>
File: epr_files/figure-latex/plot-ramostra-1.pdf Graphic file (type pdf)
<use epr_files/figure-latex/plot-ramostra-1.pdf>
Package pdftex.def Info: epr_files/figure-latex/plot-ramostra-1.pdf  used on input line 571.
(pdftex.def)             Requested size: 289.07928pt x 180.67455pt.
[12 <./epr_files/figure-latex/plot-ramostra-1.pdf>] [13]
<epr_files/figure-latex/mapa-mapbiomas-cores-1.pdf, id=286, 469.755pt x 325.215pt>
File: epr_files/figure-latex/mapa-mapbiomas-cores-1.pdf Graphic file (type pdf)
<use epr_files/figure-latex/mapa-mapbiomas-cores-1.pdf>
Package pdftex.def Info: epr_files/figure-latex/mapa-mapbiomas-cores-1.pdf  used on input line 674.
(pdftex.def)             Requested size: 469.75386pt x 325.2142pt.
[14] [15 <./epr_files/figure-latex/mapa-mapbiomas-cores-1.pdf>] [16] [17]
<epr_files/figure-latex/fig-mud-agg-1.pdf, id=315, 650.43pt x 361.35pt>
File: epr_files/figure-latex/fig-mud-agg-1.pdf Graphic file (type pdf)
<use epr_files/figure-latex/fig-mud-agg-1.pdf>
Package pdftex.def Info: epr_files/figure-latex/fig-mud-agg-1.pdf  used on input line 719.
(pdftex.def)             Requested size: 469.76817pt x 260.98232pt.
[18 <./epr_files/figure-latex/fig-mud-agg-1.pdf>]
<epr_files/figure-latex/buffer-figure-1.pdf, id=329, 469.755pt x 325.215pt>
File: epr_files/figure-latex/buffer-figure-1.pdf Graphic file (type pdf)
<use epr_files/figure-latex/buffer-figure-1.pdf>
Package pdftex.def Info: epr_files/figure-latex/buffer-figure-1.pdf  used on input line 736.
(pdftex.def)             Requested size: 281.85518pt x 195.1305pt.
[19 <./epr_files/figure-latex/buffer-figure-1.pdf>]
<epr_files/figure-latex/map-pontod-rio-1.pdf, id=348, 433.62pt x 289.08pt>
File: epr_files/figure-latex/map-pontod-rio-1.pdf Graphic file (type pdf)
<use epr_files/figure-latex/map-pontod-rio-1.pdf>
Package pdftex.def Info: epr_files/figure-latex/map-pontod-rio-1.pdf  used on input line 770.
(pdftex.def)             Requested size: 433.63878pt x 289.09251pt.
<epr_files/figure-latex/unnamed-chunk-8-1.pdf, id=349, 289.08pt x 289.08pt>
File: epr_files/figure-latex/unnamed-chunk-8-1.pdf Graphic file (type pdf)
<use epr_files/figure-latex/unnamed-chunk-8-1.pdf>
Package pdftex.def Info: epr_files/figure-latex/unnamed-chunk-8-1.pdf  used on input line 785.
(pdftex.def)             Requested size: 289.09251pt x 289.09251pt.
[20 <./epr_files/figure-latex/map-pontod-rio-1.pdf>]
Overfull \vbox (0.20686pt too high) detected at line 828
 []

[21 <./epr_files/figure-latex/unnamed-chunk-8-1.pdf>]
<epr_files/figure-latex/unnamed-chunk-11-1.pdf, id=435, 361.35pt x 361.35pt>
File: epr_files/figure-latex/unnamed-chunk-11-1.pdf Graphic file (type pdf)
<use epr_files/figure-latex/unnamed-chunk-11-1.pdf>
Package pdftex.def Info: epr_files/figure-latex/unnamed-chunk-11-1.pdf  used on input line 832.
(pdftex.def)             Requested size: 361.34912pt x 361.34912pt.
[22 <./epr_files/figure-latex/unnamed-chunk-11-1.pdf>] [23]
<epr_files/figure-latex/unnamed-chunk-12-1.pdf, id=456, 361.35pt x 361.35pt>
File: epr_files/figure-latex/unnamed-chunk-12-1.pdf Graphic file (type pdf)
<use epr_files/figure-latex/unnamed-chunk-12-1.pdf>
Package pdftex.def Info: epr_files/figure-latex/unnamed-chunk-12-1.pdf  used on input line 882.
(pdftex.def)             Requested size: 361.34912pt x 361.34912pt.
[24 <./epr_files/figure-latex/unnamed-chunk-12-1.pdf>] [25]
<epr_files/figure-latex/unnamed-chunk-14-1.pdf, id=476, 216.81pt x 216.81pt>
File: epr_files/figure-latex/unnamed-chunk-14-1.pdf Graphic file (type pdf)
<use epr_files/figure-latex/unnamed-chunk-14-1.pdf>
Package pdftex.def Info: epr_files/figure-latex/unnamed-chunk-14-1.pdf  used on input line 932.
(pdftex.def)             Requested size: 216.81938pt x 216.81938pt.
[26 <./epr_files/figure-latex/unnamed-chunk-14-1.pdf>] [27]
<epr_files/figure-latex/mapa-exte-pontos-1.pdf, id=496, 1084.05pt x 361.35pt>
File: epr_files/figure-latex/mapa-exte-pontos-1.pdf Graphic file (type pdf)
<use epr_files/figure-latex/mapa-exte-pontos-1.pdf>
Package pdftex.def Info: epr_files/figure-latex/mapa-exte-pontos-1.pdf  used on input line 1030.
(pdftex.def)             Requested size: 469.75496pt x 156.58498pt.
[28 <./epr_files/figure-latex/mapa-exte-pontos-1.pdf>] [29] [30] [31] [32] [33]
<epr_files/figure-latex/unnamed-chunk-23-1.pdf, id=575, 361.35pt x 361.35pt>
File: epr_files/figure-latex/unnamed-chunk-23-1.pdf Graphic file (type pdf)
<use epr_files/figure-latex/unnamed-chunk-23-1.pdf>
Package pdftex.def Info: epr_files/figure-latex/unnamed-chunk-23-1.pdf  used on input line 1244.
(pdftex.def)             Requested size: 361.34912pt x 361.34912pt.
[34 <./epr_files/figure-latex/unnamed-chunk-23-1.pdf>] [35]
<epr_files/figure-latex/unnamed-chunk-26-1.pdf, id=595, 361.35pt x 361.35pt>
File: epr_files/figure-latex/unnamed-chunk-26-1.pdf Graphic file (type pdf)
<use epr_files/figure-latex/unnamed-chunk-26-1.pdf>
Package pdftex.def Info: epr_files/figure-latex/unnamed-chunk-26-1.pdf  used on input line 1295.
(pdftex.def)             Requested size: 361.34912pt x 361.34912pt.
[36 <./epr_files/figure-latex/unnamed-chunk-26-1.pdf>] [37] [38]
<epr_files/figure-latex/unnamed-chunk-30-1.pdf, id=624, 469.755pt x 325.215pt>
File: epr_files/figure-latex/unnamed-chunk-30-1.pdf Graphic file (type pdf)
<use epr_files/figure-latex/unnamed-chunk-30-1.pdf>
Package pdftex.def Info: epr_files/figure-latex/unnamed-chunk-30-1.pdf  used on input line 1376.
(pdftex.def)             Requested size: 469.75386pt x 325.2142pt.
[39 <./epr_files/figure-latex/unnamed-chunk-30-1.pdf>] [40] [41]
<www/logo_gg_lsm.png, id=648, 960.58875pt x 461.3235pt>
File: www/logo_gg_lsm.png Graphic file (type png)
<use www/logo_gg_lsm.png>
Package pdftex.def Info: www/logo_gg_lsm.png  used on input line 1494.
(pdftex.def)             Requested size: 305.34264pt x 146.64104pt.

Underfull \hbox (badness 10000) in paragraph at lines 1507--1509

 []

[42 <./www/logo_gg_lsm.png>]
<epr_files/figure-latex/unnamed-chunk-36-1.pdf, id=667, 469.755pt x 325.215pt>
File: epr_files/figure-latex/unnamed-chunk-36-1.pdf Graphic file (type pdf)
<use epr_files/figure-latex/unnamed-chunk-36-1.pdf>
Package pdftex.def Info: epr_files/figure-latex/unnamed-chunk-36-1.pdf  used on input line 1542.
(pdftex.def)             Requested size: 234.87692pt x 162.6071pt.
[43 <./epr_files/figure-latex/unnamed-chunk-36-1.pdf>]
LaTeX Font Info:    Trying to load font information for TS1+lmtt on input line 1579.
(c:/Users/user/AppData/Roaming/TinyTeX/texmf-dist/tex/latex/lm/ts1lmtt.fd
File: ts1lmtt.fd 2015/05/01 v1.6.1 Font defs for Latin Modern
)
<epr_files/figure-latex/unnamed-chunk-37-1.pdf, id=680, 469.755pt x 325.215pt>
File: epr_files/figure-latex/unnamed-chunk-37-1.pdf Graphic file (type pdf)
<use epr_files/figure-latex/unnamed-chunk-37-1.pdf>
Package pdftex.def Info: epr_files/figure-latex/unnamed-chunk-37-1.pdf  used on input line 1583.
(pdftex.def)             Requested size: 258.36604pt x 178.86879pt.
[44 <./epr_files/figure-latex/unnamed-chunk-37-1.pdf>]
<figures/fig_comp_linear.pdf, id=700, 794.97pt x 216.81pt>
File: figures/fig_comp_linear.pdf Graphic file (type pdf)
<use figures/fig_comp_linear.pdf>
Package pdftex.def Info: figures/fig_comp_linear.pdf  used on input line 1616.
(pdftex.def)             Requested size: 460.36723pt x 125.55469pt.
[45 <./figures/fig_comp_linear.pdf>]
<epr_files/figure-latex/met-insert-fig-buffmetrics-1.pdf, id=719, 469.755pt x 325.215pt>
File: epr_files/figure-latex/met-insert-fig-buffmetrics-1.pdf Graphic file (type pdf)
<use epr_files/figure-latex/met-insert-fig-buffmetrics-1.pdf>
Package pdftex.def Info: epr_files/figure-latex/met-insert-fig-buffmetrics-1.pdf  used on input line 1636.
(pdftex.def)             Requested size: 469.75386pt x 325.2142pt.
[46 <./epr_files/figure-latex/met-insert-fig-buffmetrics-1.pdf>] [47] [48]
<epr_files/figure-latex/met-insert-fig-multiplemetrics-1.pdf, id=747, 469.755pt x 325.215pt>
File: epr_files/figure-latex/met-insert-fig-multiplemetrics-1.pdf Graphic file (type pdf)
<use epr_files/figure-latex/met-insert-fig-multiplemetrics-1.pdf>
Package pdftex.def Info: epr_files/figure-latex/met-insert-fig-multiplemetrics-1.pdf  used on input line 1811.
(pdftex.def)             Requested size: 469.75386pt x 325.2142pt.
[49 <./epr_files/figure-latex/met-insert-fig-multiplemetrics-1.pdf>] [50] [51] [52]
<figures/fig_garimpo_access.png, id=783, 739.26187pt x 304.88907pt>
File: figures/fig_garimpo_access.png Graphic file (type png)
<use figures/fig_garimpo_access.png>
Package pdftex.def Info: figures/fig_garimpo_access.png  used on input line 1927.
(pdftex.def)             Requested size: 375.8003pt x 154.98892pt.
[53]
<figures/mapview_point_buffer.png, id=796, 412.54124pt x 270.25969pt>
File: figures/mapview_point_buffer.png Graphic file (type png)
<use figures/mapview_point_buffer.png>
Package pdftex.def Info: figures/mapview_point_buffer.png  used on input line 1978.
(pdftex.def)             Requested size: 375.8097pt x 246.19649pt.
[54 <./figures/fig_garimpo_access.png>] [55 <./figures/mapview_point_buffer.png>]
<epr_files/figure-latex/fig-plot-raster-1.pdf, id=820, 469.755pt x 325.215pt>
File: epr_files/figure-latex/fig-plot-raster-1.pdf Graphic file (type pdf)
<use epr_files/figure-latex/fig-plot-raster-1.pdf>
Package pdftex.def Info: epr_files/figure-latex/fig-plot-raster-1.pdf  used on input line 2051.
(pdftex.def)             Requested size: 469.75386pt x 325.2142pt.
[56 <./epr_files/figure-latex/fig-plot-raster-1.pdf>] [57] [58]
<epr_files/figure-latex/unnamed-chunk-59-1.pdf, id=851, 469.755pt x 325.215pt>
File: epr_files/figure-latex/unnamed-chunk-59-1.pdf Graphic file (type pdf)
<use epr_files/figure-latex/unnamed-chunk-59-1.pdf>
Package pdftex.def Info: epr_files/figure-latex/unnamed-chunk-59-1.pdf  used on input line 2304.
(pdftex.def)             Requested size: 469.75386pt x 325.2142pt.
[59]
<epr_files/figure-latex/unnamed-chunk-59-2.pdf, id=859, 469.755pt x 325.215pt>
File: epr_files/figure-latex/unnamed-chunk-59-2.pdf Graphic file (type pdf)
<use epr_files/figure-latex/unnamed-chunk-59-2.pdf>
Package pdftex.def Info: epr_files/figure-latex/unnamed-chunk-59-2.pdf  used on input line 2312.
(pdftex.def)             Requested size: 469.75386pt x 325.2142pt.
[60 <./epr_files/figure-latex/unnamed-chunk-59-1.pdf>] [61 <./epr_files/figure-latex/unnamed-chunk-59-2.pdf>] [62] [63] [64] [65]
<epr_files/figure-latex/unnamed-chunk-68-1.pdf, id=910, 469.755pt x 325.215pt>
File: epr_files/figure-latex/unnamed-chunk-68-1.pdf Graphic file (type pdf)
<use epr_files/figure-latex/unnamed-chunk-68-1.pdf>
Package pdftex.def Info: epr_files/figure-latex/unnamed-chunk-68-1.pdf  used on input line 2611.
(pdftex.def)             Requested size: 469.75386pt x 325.2142pt.
[66] [67 <./epr_files/figure-latex/unnamed-chunk-68-1.pdf>]
<epr_files/figure-latex/unnamed-chunk-70-1.pdf, id=928, 469.755pt x 325.215pt>
File: epr_files/figure-latex/unnamed-chunk-70-1.pdf Graphic file (type pdf)
<use epr_files/figure-latex/unnamed-chunk-70-1.pdf>
Package pdftex.def Info: epr_files/figure-latex/unnamed-chunk-70-1.pdf  used on input line 2671.
(pdftex.def)             Requested size: 469.75386pt x 325.2142pt.
[68 <./epr_files/figure-latex/unnamed-chunk-70-1.pdf>]
<epr_files/figure-latex/unnamed-chunk-71-1.pdf, id=940, 469.755pt x 325.215pt>
File: epr_files/figure-latex/unnamed-chunk-71-1.pdf Graphic file (type pdf)
<use epr_files/figure-latex/unnamed-chunk-71-1.pdf>
Package pdftex.def Info: epr_files/figure-latex/unnamed-chunk-71-1.pdf  used on input line 2720.
(pdftex.def)             Requested size: 469.75386pt x 325.2142pt.
[69] [70 <./epr_files/figure-latex/unnamed-chunk-71-1.pdf>]
<figures/images_large_10.1177_19400829221127087-fig3.jpeg, id=958, 313.17pt x 294.1389pt>
File: figures/images_large_10.1177_19400829221127087-fig3.jpeg Graphic file (type jpg)
<use figures/images_large_10.1177_19400829221127087-fig3.jpeg>
Package pdftex.def Info: figures/images_large_10.1177_19400829221127087-fig3.jpeg  used on input line 2746.
(pdftex.def)             Requested size: 234.88646pt x 220.6126pt.
[71 <./figures/images_large_10.1177_19400829221127087-fig3.jpeg>]
<figures/cap03_fig01.png, id=974, 782.925pt x 587.796pt>
File: figures/cap03_fig01.png Graphic file (type png)
<use figures/cap03_fig01.png>
Package pdftex.def Info: figures/cap03_fig01.png  used on input line 2804.
(pdftex.def)             Requested size: 352.313pt x 264.50575pt.
<figures/cap03_fig02.png, id=977, 782.925pt x 587.796pt>
File: figures/cap03_fig02.png Graphic file (type png)
<use figures/cap03_fig02.png>
Package pdftex.def Info: figures/cap03_fig02.png  used on input line 2829.
(pdftex.def)             Requested size: 352.313pt x 264.50575pt.
[72] [73 <./figures/cap03_fig01.png> <./figures/cap03_fig02.png>]

LaTeX Font Warning: Font shape `T1/lmtt/bx/it' in size <10> not available
(Font)              Font shape `T1/lmtt/b/sl' tried instead on input line 2883.

[74]
<figures/cap04_fig01.png, id=1036, 1007.26312pt x 620.3175pt>
File: figures/cap04_fig01.png Graphic file (type png)
<use figures/cap04_fig01.png>
Package pdftex.def Info: figures/cap04_fig01.png  used on input line 2914.
(pdftex.def)             Requested size: 352.31683pt x 216.9724pt.

Underfull \hbox (badness 2573) in paragraph at lines 2929--2930
[]\T1/lmtt/m/n/10 Tools > Global options > Code > Display > [X Show Margis] e Margin column (80)\T1/lmr/m/n/10 (+20) : com
 []

[75]
<figures/cap04_fig02.png, id=1046, 1001.99344pt x 616.55344pt>
File: figures/cap04_fig02.png Graphic file (type png)
<use figures/cap04_fig02.png>
Package pdftex.def Info: figures/cap04_fig02.png  used on input line 2945.
(pdftex.def)             Requested size: 352.32361pt x 216.79416pt.
[76 <./figures/cap04_fig01.png (PNG copy)>] [77 <./figures/cap04_fig02.png (PNG copy)>] [78] [79]

LaTeX Font Warning: Font shape `TS1/lmtt/bx/it' in size <10> not available
(Font)              Font shape `TS1/lmtt/b/sl' tried instead on input line 3263.

[80] [81] [82] [83] [84] [85] [86] [87] [88]
Overfull \hbox (3152.73445pt too wide) in paragraph at lines 3898--3898
[]\T1/lmtt/m/n/10 ##     author = {Jari Oksanen and Gavin L. Simpson and F. Guillaume Blanchet and Roeland Kindt and Pierre Legendre and Peter R. Minchin and R.B. O\TS1/lmtt/m/n/10 '\T1/lmtt/m/n/10 Hara and Peter Solymos and M. Henry H. Stevens and Eduard Szoecs and Helene Wagner and Matt Barbour and Michael Bedward and Ben Bolker and Daniel Borcard and Gustavo Carvalho and Michael Chirico and Miquel {De Caceres} and Sebastien Durand and Heloisa Beatriz Antoniazi Evangelista and Rich FitzJohn and Michael Friendly and Brendan Furneaux and Geoffrey Hannigan and Mark O. Hill and Leo Lahti and Dan McGlinn and Marie-Helene Ouellette and Eduardo {Ribeiro Cunha} and Tyler Smith and Adrian Stier and Cajo J.F. {Ter Braak} and James Weedon},[] 
 []

<figures/Turing_quote_01.jpg, id=1150, 1084.05pt x 449.68pt>
File: figures/Turing_quote_01.jpg Graphic file (type jpg)
<use figures/Turing_quote_01.jpg>
Package pdftex.def Info: figures/Turing_quote_01.jpg  used on input line 3912.
(pdftex.def)             Requested size: 258.35777pt x 107.17062pt.
[89 <./figures/Turing_quote_01.jpg>] [90]

LaTeX Warning: Reference `cap5' on page 91 undefined on input line 4081.

[91] [92] [93]
<figures/cap04_fig03.png, id=1182, 347.3778pt x 260.6538pt>
File: figures/cap04_fig03.png Graphic file (type png)
<use figures/cap04_fig03.png>
Package pdftex.def Info: figures/cap04_fig03.png  used on input line 4283.
(pdftex.def)             Requested size: 347.41405pt x 260.68097pt.
[94 <./figures/cap04_fig03.png>]

LaTeX Warning: Reference `cap5' on page 95 undefined on input line 4415.

[95] [96] [97] [98] [99] [100] [101] [102] [103] [104] [105] [106] [107] [108] [109] [110] [111] [112] [113]
<epr_files/figure-latex/unnamed-chunk-159-1.pdf, id=1329, 289.08pt x 180.675pt>
File: epr_files/figure-latex/unnamed-chunk-159-1.pdf Graphic file (type pdf)
<use epr_files/figure-latex/unnamed-chunk-159-1.pdf>
Package pdftex.def Info: epr_files/figure-latex/unnamed-chunk-159-1.pdf  used on input line 5939.
(pdftex.def)             Requested size: 289.07928pt x 180.67455pt.
[114] [115 <./epr_files/figure-latex/unnamed-chunk-159-1.pdf>] [116]
<epr_files/figure-latex/unnamed-chunk-164-1.pdf, id=1358, 361.35pt x 361.35pt>
File: epr_files/figure-latex/unnamed-chunk-164-1.pdf Graphic file (type pdf)
<use epr_files/figure-latex/unnamed-chunk-164-1.pdf>
Package pdftex.def Info: epr_files/figure-latex/unnamed-chunk-164-1.pdf  used on input line 6003.
(pdftex.def)             Requested size: 361.34912pt x 361.34912pt.
[117 <./epr_files/figure-latex/unnamed-chunk-164-1.pdf>] [118{c:/Users/user/AppData/Roaming/TinyTeX/texmf-dist/fonts/enc/dvips/lm/lm-mathit.enc}{c:/Users/user/AppData/Roaming/TinyTeX/texmf-dist/fonts/enc/dvips/lm/lm-rm.enc}] [119] [120]
<epr_files/figure-latex/unnamed-chunk-170-1.pdf, id=1395, 433.62pt x 289.08pt>
File: epr_files/figure-latex/unnamed-chunk-170-1.pdf Graphic file (type pdf)
<use epr_files/figure-latex/unnamed-chunk-170-1.pdf>
Package pdftex.def Info: epr_files/figure-latex/unnamed-chunk-170-1.pdf  used on input line 6137.
(pdftex.def)             Requested size: 433.63878pt x 289.09251pt.
<epr_files/figure-latex/unnamed-chunk-171-1.pdf, id=1396, 289.08pt x 289.08pt>
File: epr_files/figure-latex/unnamed-chunk-171-1.pdf Graphic file (type pdf)
<use epr_files/figure-latex/unnamed-chunk-171-1.pdf>
Package pdftex.def Info: epr_files/figure-latex/unnamed-chunk-171-1.pdf  used on input line 6152.
(pdftex.def)             Requested size: 289.09251pt x 289.09251pt.
[121 <./epr_files/figure-latex/unnamed-chunk-170-1.pdf>] [122 <./epr_files/figure-latex/unnamed-chunk-171-1.pdf>] [123] [124]
Overfull \vbox (2.11417pt too high) detected at line 6357
 []

[125] [126] [127] (./epr.aux)
 ***********
LaTeX2e <2023-11-01>
L3 programming layer <2023-12-11>
 ***********

LaTeX Warning: There were undefined references.

 ) 
Here is how much of TeX's memory you used:
 15668 strings out of 476100
 259511 string characters out of 5791771
 1951460 words of memory out of 5000000
 36795 multiletter control sequences out of 15000+600000
 628489 words of font info for 197 fonts, out of 8000000 for 9000
 16 hyphenation exceptions out of 8191
 77i,8n,81p,3200b,700s stack positions out of 10000i,1000n,20000p,200000b,200000s
<c:/Users/user/AppData/Roaming/TinyTeX/texmf-dist/fonts/type1/public/lm/lmbx10.pfb><c:/Users/user/AppData/Roaming/TinyTeX/texmf-dist/fonts/type1/public/lm/lmbx12.pfb><c:/Users/user/AppData/Roaming/TinyTeX/texmf-dist/fonts/type1/public/lm/lmbxi10.pfb><c:/Users/user/AppData/Roaming/TinyTeX/texmf-dist/fonts/type1/public/lm/lmmi10.pfb><c:/Users/user/AppData/Roaming/TinyTeX/texmf-dist/fonts/type1/public/lm/lmr10.pfb><c:/Users/user/AppData/Roaming/TinyTeX/texmf-dist/fonts/type1/public/lm/lmr12.pfb><c:/Users/user/AppData/Roaming/TinyTeX/texmf-dist/fonts/type1/public/lm/lmr17.pfb><c:/Users/user/AppData/Roaming/TinyTeX/texmf-dist/fonts/type1/public/lm/lmri10.pfb><c:/Users/user/AppData/Roaming/TinyTeX/texmf-dist/fonts/type1/public/lm/lmtk10.pfb><c:/Users/user/AppData/Roaming/TinyTeX/texmf-dist/fonts/type1/public/lm/lmtko10.pfb><c:/Users/user/AppData/Roaming/TinyTeX/texmf-dist/fonts/type1/public/lm/lmtt10.pfb><c:/Users/user/AppData/Roaming/TinyTeX/texmf-dist/fonts/type1/public/lm/lmtti10.pfb>
Output written on epr.pdf (127 pages, 4399449 bytes).
PDF statistics:
 1876 PDF objects out of 2073 (max. 8388607)
 1547 compressed objects within 16 object streams
 469 named destinations out of 1000 (max. 500000)
 35519 words of extra memory for PDF output out of 35830 (max. 10000000)

